C51 COMPILER V9.57.0.0   LCD                                                               06/16/2024 12:27:13 PAGE 1   


C51 COMPILER V9.57.0.0, COMPILATION OF MODULE LCD
OBJECT MODULE PLACED IN .\Objects\lcd.obj
COMPILER INVOKED BY: D:\Keil_v5\C51\BIN\C51.EXE lcd.c OPTIMIZE(8,SPEED) BROWSE DEBUG OBJECTEXTEND PRINT(.\Listings\lcd.l
                    -st) TABS(2) OBJECT(.\Objects\lcd.obj)

line level    source

   1          #include "i2c.h"
   2          #include "lcd_i2c.h"
   3          
   4          uchar tab1[100]="h";
   5          
   6          
   7          void delay_ms(uint ms)                //??ms????
   8          {
   9   1              uint i,j;
  10   1              for(j=0;j<ms;j++)
  11   1                      for(i=0;i<1000;i++);
  12   1      }
  13          
  14          //????????I2C???LCD?????????
  15          void write_ndat(uchar *dat, uchar length)        //???
  16          {       
  17   1              uchar i;
  18   1              i2c_start();                                                        //??
  19   1              i2c_write(0x7c);                                        //?????
  20   1              for(i=0;i<length-1;i++)                //?length????
  21   1              {
  22   2                      i2c_write(0xc0);                                //?????
  23   2                      i2c_write(dat[i]);
  24   2              }
  25   1              i2c_write(0x40);                                        //?????????
  26   1              i2c_write(dat[i]);                                       
  27   1              i2c_stop();                                                                //??
  28   1      }
  29          
  30          //???????? I2C ???LCD????????
  31          void write_dat(uchar dat)
  32          {
  33   1              write_ndat(&dat,1);       
  34   1      }
  35          
  36          void write_cmd(uchar cmd)                //???
  37          {       
  38   1              i2c_start();                                                        //??
  39   1              i2c_write(0x7c);                                        //????
  40   1              i2c_write(0x80);                                        //???
  41   1              i2c_write(cmd);
  42   1              i2c_stop();                                                                //??
  43   1      }
  44          
  45          void lcd_init(void)                                        //???
  46          {
  47   1              write_cmd(0X38);                                        //2???,5*8??
  48   1              write_cmd(0x0c);                                        //???
  49   1              write_cmd(0x01);                                        //???
  50   1              delay_ms(2);               
  51   1              write_cmd(0x06);                                         //????
  52   1      }
  53          //???
  54          void clear()
C51 COMPILER V9.57.0.0   LCD                                                               06/16/2024 12:27:13 PAGE 2   

  55          {
  56   1         write_cmd(0x01);                                        
  57   1         delay_ms(2);  
  58   1      }
  59          
  60          
  61          void display()
  62          {
  63   1             //char b[100]= "hello";
  64   1              write_cmd(0x80);                                        //???
  65   1              write_ndat(tab1,15);                                //????
  66   1              //write_cmd(0x87);
  67   1        //write_ndat("A",3);  
  68   1        //write_cmd(0xc0);                                        //???
  69   1             // write_ndat(tab1,16);                                //????
  70   1              //delay_ms(800);
  71   1              //write_cmd(0x01);                                        //???
  72   1              //delay_ms(2);               
  73   1      
  74   1      }


MODULE INFORMATION:   STATIC OVERLAYABLE
   CODE SIZE        =    207    ----
   CONSTANT SIZE    =   ----    ----
   XDATA SIZE       =   ----    ----
   PDATA SIZE       =   ----    ----
   DATA SIZE        =    100       7
   IDATA SIZE       =   ----    ----
   BIT SIZE         =   ----    ----
END OF MODULE INFORMATION.


C51 COMPILATION COMPLETE.  0 WARNING(S),  0 ERROR(S)
