C51 COMPILER V9.57.0.0   MAIN                                                              06/16/2024 12:27:13 PAGE 1   


C51 COMPILER V9.57.0.0, COMPILATION OF MODULE MAIN
OBJECT MODULE PLACED IN .\Objects\main.obj
COMPILER INVOKED BY: D:\Keil_v5\C51\BIN\C51.EXE main.c OPTIMIZE(8,SPEED) BROWSE DEBUG OBJECTEXTEND PRINT(.\Listings\main
                    -.lst) TABS(2) OBJECT(.\Objects\main.obj)

line level    source

   1          #include <reg51.h>
   2          #include <stdio.h>
   3          
   4          #include "lcd_i2c.h"
   5          #include "ADC.h"
*** WARNING C318 IN LINE 5 OF main.c: can't open file 'ADC.h'
   6          
   7          
   8          //uchar tab1[100]="h";
   9          
  10          void main(void)
  11           { 
  12   1       
  13   1       
  14   1       
  15   1         // Write your code here
  16   1         while (1)
  17   1         {
  18   2            display();
  19   2         }
  20   1       }
  21           
  22           void uart_init()
  23           {
  24   1            uchar counter=0;    //?????
  25   1            TMOD=0x20;      //T1????2
  26   1            TH1 = TL1 = 0xf4;   //2400b/s
  27   1            PCON=0;     //??????
  28   1            SCON = 0x50;    //????1,TI?RI??,????;
  29   1            TR1=1;  
  30   1       }
  31           


MODULE INFORMATION:   STATIC OVERLAYABLE
   CODE SIZE        =     25    ----
   CONSTANT SIZE    =   ----    ----
   XDATA SIZE       =   ----    ----
   PDATA SIZE       =   ----    ----
   DATA SIZE        =   ----       1
   IDATA SIZE       =   ----    ----
   BIT SIZE         =   ----    ----
END OF MODULE INFORMATION.


C51 COMPILATION COMPLETE.  1 WARNING(S),  0 ERROR(S)
